>TC-hsa-CLSTN1_0036
3	347	+	3	1.334221	I:	D:
>TC-hsa-GNB1_0007
1	255	+	1	1.330698	I:	D:
>TC-hsa-MACF1_0262
1	1299	+	1	1.344054	I:	D:
>TC-hsa-MACF1_0270
2	4756	+	2	1.337443	I:	D:
>TC-hsa-FUBP1_0023
2	169	-	2	1.312075	I:	D:
191	433	+	2	1.380409	I:	D:
>TC-hsa-CSDE1_0062
3	848	+	3	1.315470	I:	D:
>TC-hsa-ATP1A1_0006
3	458	+	3	1.332534	I:	D:
>TC-hsa-DCAF6_0017
1	648	+	1	1.360452	I:	D:
>TC-hsa-ATP2B4_0034
1	1095	+	1	1.336496	I:	D:
>TC-hsa-NMNAT2_0024
3	185	-	3	1.338046	I:	D:
>TC-hsa-NFASC_0002
3	2927	+	3	1.352337	I:	D:
>TC-hsa-DNAH14_0320
3	539	+	3	1.339798	I:	D:
>TC-hsa-ACTN2_0032
1	303	+	1	1.287957	I:	D:
>TC-hsa-HNRNPU_0066
1	261	-	1	1.335362	I:	D:
>TC-hsa-ADARB2_0008
3	887	+	3	1.209689	I:	D:
>TC-hsa-NEBL_0031
1	279	+	1	1.376182	I:	D:
>TC-hsa-NEBL_0033
1	105	+	1	1.368714	I:	D:
>TC-hsa-NEBL_0004
1	276	+	1	1.372521	I:	D:
>TC-hsa-NEBL_0035
2	190	+	2	1.347105	I:	D:
>TC-hsa-ANK3_0109
1	2223	+	1	1.349463	I:	D:
>TC-hsa-CAMK2G_0029
3	449	+	3	1.332583	I:	D:
>TC-hsa-VCL_0042
2	1081	+	2	1.329709	I:	D:
>TC-hsa-XPNPEP1_0014
2	211	+	2	1.361695	I:	D:
>TC-hsa-AP2A2_0004
3	896	+	3	1.341209	I:	D:
>TC-hsa-AP2A2_0020
2	1483	+	2	1.313592	I:	D:
>TC-hsa-AP2A2_0007
3	2057	+	3	1.318737	I:	D:
>TC-hsa-COPB1_0041
2	376	+	2	1.344806	I:	D:
>TC-hsa-SLC1A2_0017
3	689	+	3	1.326566	I:	D:
>TC-hsa-CLPB_0010
2	322	+	2	1.336006	I:	D:
>TC-hsa-ACAT1_0016
1	930	+	1	1.313399	I:	D:
>TC-hsa-SIDT2_0003
2	2014	+	2	1.317655	I:	D:
>TC-hsa-CHEK1_0007
3	902	+	3	1.356384	I:	D:
>TC-hsa-GAPDH_0001
3	257	+	3	1.320025	I:	D:
>TC-hsa-TPI1_0003
1	153	+	1	1.343087	I:	D:
>TC-hsa-PLEKHA5_0095
2	1348	+	2	1.374624	I:	D:
>TC-hsa-CAPRIN2_0015
3	1706	+	3	1.351002	I:	D:
>TC-hsa-KIF21A_0068
1	1221	+	1	1.327912	I:	D:
>TC-hsa-ATP5B_0023
1	300	+	1	1.312356	I:	D:
>TC-hsa-ATP2B1_0032
3	2231	+	3	1.298074	I:	D:
>TC-hsa-FDX1_0004
2	253	+	2	1.290756	I:	D:
>TC-hsa-HECTD4_0215
2	742	+	2	1.372882	I:	D:
>TC-hsa-RASAL1_0005
1	315	+	1	1.290458	I:	D:
>TC-hsa-HECTD4_0181
3	929	+	3	1.355167	I:	D:
>TC-hsa-SPG20_0003
3	1022	+	3	1.346889	I:	D:
>TC-hsa-SPG20_0004
3	1733	+	3	1.340694	I:	D:
>TC-hsa-LRRC63_0011
3	392	+	3	1.317086	I:	D:
>TC-hsa-HNRNPC_0015
3	122	+	3	1.320935	I:	D:
>TC-hsa-ARHGEF7_0001
1	213	+	1	1.397014	I:	D:
>TC-hsa-FBN1_0036
3	1658	+	3	1.403643	I:	D:
>TC-hsa-TPM1_0007
1	531	+	1	1.304689	I:	D:
>TC-hsa-PKM_0003
1	165	+	1	1.341065	I:	D:
>TC-hsa-TLN2_0026
3	89	+	3	1.363747	I:	D:
113	1222	+	2	1.353617	I:	D:
>TC-hsa-HERC1_0045
3	3641	+	3	1.371517	I:	D:
>TC-hsa-PRSS22_0001
3	365	+	3	1.348676	I:	D:
>TC-hsa-PHKB_0097
3	1265	+	3	1.345873	I:	D:
>TC-hsa-PHKB_0065
1	2250	+	1	1.341574	I:	D:
>TC-hsa-CYB5B_0006
1	156	+	1	1.295081	I:	D:
>TC-hsa-CYB5B_0007
1	126	+	1	1.285632	I:	D:
>TC-hsa-CRK_0002
1	219	+	1	1.374492	I:	D:
>TC-hsa-RP11-566K11_0003
1	210	+	1	1.251434	I:	D:
>TC-hsa-PRPF8_0009
1	111	+	1	1.308621	I:	D:
>TC-hsa-AP2B1_0005
3	2372	+	3	1.344828	I:	D:
>TC-hsa-MED24_0006
3	167	+	3	1.313290	I:	D:
>TC-hsa-COL1A1_0059
2	439	+	2	1.231708	I:	D:
>TC-hsa-ACOX1_0026
3	866	+	3	1.348761	I:	D:
>TC-hsa-ACTG1_0007
1	237	+	1	1.241697	I:	D:
>TC-hsa-EPB41L3_0028
1	279	+	1	1.333013	I:	D:
>TC-hsa-C3_0036
3	203	+	3	1.281050	I:	D:
>TC-hsa-LONP1_0006
1	219	+	1	1.245162	I:	D:
>TC-hsa-PTPRS_0035
3	299	+	3	1.301475	I:	D:
>TC-hsa-SEMA6B_0004
3	1019	+	3	1.327512	I:	D:
>TC-hsa-CALR_0009
1	465	+	1	1.325053	I:	D:
>TC-hsa-ZNF649_0002
2	121	+	2	1.376763	I:	D:
188	424	+	2	1.328645	I:	D:
>TC-hsa-GRHL1_0018
1	228	+	1	1.335160	I:	D:
>TC-hsa-RAB10_0016
2	166	+	2	1.307406	I:	D:
>TC-hsa-USP34_0308
2	886	+	2	1.338513	I:	D:
>TC-hsa-ACTG2_0009
3	353	+	3	1.320042	I:	D:
>TC-hsa-CLASP1_0108
1	219	+	1	1.351028	I:	D:
>TC-hsa-PKP4_0070
2	634	+	2	1.379980	I:	D:
>TC-hsa-SPAG16_0048
2	106	+	2	1.281261	I:	D:
>TC-hsa-FN1_0064
3	647	+	3	1.348945	I:	D:
>TC-hsa-IQCA1_0010
3	365	+	3	1.288698	I:	D:
>TC-hsa-COL6A3_0016
1	210	+	1	1.352578	I:	D:
250	477	+	1	1.325134	I:	D:
747	1829	+	3	1.356985	I:	D:
>TC-hsa-COL6A3_0065
3	809	+	3	1.345905	I:	D:
>TC-hsa-FN1_0063
1	564	+	1	1.349480	I:	D:
>TC-hsa-COL6A3_0066
3	980	+	3	1.340551	I:	D:
>TC-hsa-ARMC9_0076
3	560	+	3	1.323828	I:	D:
>TC-hsa-SEPT2_0033
3	794	+	3	1.347683	I:	D:
>TC-hsa-COL6A1_0007
1	645	+	1	1.390250	I:	D:
>TC-hsa-PCNT_0072
1	1635	+	1	1.354010	I:	D:
>TC-hsa-TRIOBP_0019
3	266	+	3	1.247470	I:	D:
>TC-hsa-SBF1_0025
2	199	+	2	1.368483	I:	D:
>TC-hsa-SMARCC1_0134
1	1374	+	1	1.332685	I:	D:
>TC-hsa-ADD1_0055
1	288	+	1	1.359753	I:	D:
>TC-hsa-SLIT2_0055
2	1261	+	2	1.371486	I:	D:
>TC-hsa-CNGA1_0003
3	236	+	3	1.340378	I:	D:
>TC-hsa-UCHL1_0002
1	156	+	1	1.315455	I:	D:
>TC-hsa-ALB_0028
1	915	+	1	1.335000	I:	D:
>TC-hsa-ALB_0010
1	138	+	1	1.246250	I:	D:
>TC-hsa-ALB_0032
1	225	+	1	1.353797	I:	D:
>TC-hsa-ALB_0057
1	354	+	1	1.351463	I:	D:
>TC-hsa-ALB_0024
1	330	+	1	1.335014	I:	D:
>TC-hsa-PDLIM5_0024
3	215	+	3	1.370027	I:	D:
>TC-hsa-ANK2_0151
3	611	+	3	1.396349	I:	D:
>TC-hsa-ANK2_0099
1	1413	+	1	1.353312	I:	D:
>TC-hsa-ANK2_0154
3	1379	+	3	1.378076	I:	D:
>TC-hsa-ANK2_0166
2	226	+	2	1.398059	I:	D:
>TC-hsa-ANK2_0150
3	386	+	3	1.398164	I:	D:
>TC-hsa-ETFDH_0012
3	1250	+	3	1.344114	I:	D:
>TC-hsa-FGB_0027
3	341	+	3	1.340724	I:	D:
>TC-hsa-FGG_0012
3	452	+	3	1.301496	I:	D:
>TC-hsa-RAPGEF6_0057
1	2511	+	1	1.321037	I:	D:
>TC-hsa-KIFC1_0005
3	398	+	3	1.346339	I:	D:
>TC-hsa-SNAP91_0069
3	413	+	3	1.350307	I:	D:
>TC-hsa-ORC3_0054
2	565	+	2	1.352852	I:	D:
>TC-hsa-GJA1_0003
3	293	+	3	1.347725	I:	D:
>TC-hsa-MLLT4_0034
3	1481	+	3	1.350574	I:	D:
>TC-hsa-MLLT4_0102
1	849	+	1	1.339760	I:	D:
>TC-hsa-MLLT4_0059
2	1024	+	2	1.349267	I:	D:
>TC-hsa-COL1A2_0086
1	429	+	1	1.316062	I:	D:
>TC-hsa-COL1A2_0096
1	360	+	1	1.300972	I:	D:
361	492	+	1	1.185171	I:	D:
>TC-hsa-AZGP1_0001
1	165	+	1	1.333385	I:	D:
>TC-hsa-LRGUK_0055
1	1041	+	1	1.333688	I:	D:
>TC-hsa-DPYSL2_0016
3	164	+	3	1.341610	I:	D:
>TC-hsa-ASAP1_0009
3	1931	+	3	1.391805	I:	D:
>TC-hsa-RIMS2_0041
2	919	+	2	1.392492	I:	D:
>TC-hsa-FOCAD_0112
3	1376	+	3	1.346442	I:	D:
>TC-hsa-GRHPR_0006
2	781	+	2	1.333386	I:	D:
>TC-hsa-GSN_0014
3	521	+	3	1.288099	I:	D:
>TC-hsa-ALDOB_0009
1	165	+	1	1.323078	I:	D:
>TC-hsa-RABGAP1_0028
50	2674	+	2	1.347860	I:	D:
>TC-hsa-STXBP1_0055
1	228	+	1	1.310444	I:	D:
>TC-hsa-SPTAN1_0082
2	3475	+	2	1.308551	I:	D:
>TC-hsa-MXRA5_0002
2	1909	+	2	1.342761	I:	D:
>TC-hsa-UBA1_0019
3	575	+	3	1.329233	I:	D:
>TC-hsa-USP9X_0058
1	2367	+	1	1.342613	I:	D:
>TC-hsa-OCRL_0024
2	1039	+	2	1.348169	I:	D:
>TC-hsa-AHSG_0009
68	400	+	2	1.422756	I:	D:
>TC-hsa-CNTFR_0009
2	109	-	2	1.426213	I:	D:
>TC-hsa-GUCD1_0005
1	438	-	1	1.420276	I:	D:
>TC-hsa-LHFPL5_0002
3	248	+	3	1.292864	I:	D:
>TC-hsa-BCL7B_0008
1	96	+	1	1.339096	I:	D:
>TC-hsa-SLC6A17_0005
1	72	-	1	1.361459	I:	D:
147	281	-	3	1.353022	I:	D:
>TC-hsa-C1QTNF3-AMACR_0025
2	109	+	2	1.361412	I:	D:
>TC-hsa-TRIP13_0010
>TC-hsa-GPKOW_0001
3	221	+	3	1.346798	I:	D:
>TC-hsa-TTYH3_0012
>TC-hsa-LINC00665_0002
>TC-hsa-CHMP1A_0009
1	123	+	1	1.238175	I:	D:
>TC-hsa-PFKFB4_0001
1	78	+	1	1.362133	I:	D:
124	198	+	1	1.316428	I:	D:
>TC-hsa-MGAT1_0002
1	177	+	1	1.348444	I:	D:
>TC-hsa-PAQR7_0001
10	186	-	1	1.387561	I:	D:
>TC-hsa-GDPD5_0006
61	174	+	1	1.342830	I:	D:
>TC-hsa-PEG3_0024
>TC-hsa-CTC-260E6_0001
2	136	-	2	1.418133	I:	D:
>TC-hsa-ZNF592_0002
>TC-hsa-HCG17_0002
3	200	+	3	1.363602	I:	D:
>TC-hsa-MGAT5_0018
143	307	+	2	1.314273	I:	D:
>TC-hsa-CTD-2562J17_0004
1	204	-	1	1.427956	I:	D:
>TC-hsa-ATCAY_0001
>TC-hsa-DCAF7_0008
45	140	+	3	1.368590	I:	D:
>TC-hsa-TTLL12_0001
52	321	-	1	1.386975	I:	D:
>TC-hsa-SCARNA6_0002
12	194	+	3	1.391029	I:	D:
>TC-hsa-TSPAN3_0002
>TC-hsa-MTUS1_0003
1	165	-	1	1.393009	I:	D:
>TC-hsa-ETV5_0016
3	98	+	3	1.261502	I:	D:
>TC-hsa-TMEM254-AS1_0005
3	122	+	3	1.377685	I:	D:
>TC-hsa-ABLIM2_0018
>TC-hsa-CNTROB_0002
2	175	-	2	1.394028	I:	D:
>TC-hsa-MMP15_0001
595	753	+	1	1.205045	I:	D:
>TC-hsa-SCARNA6_0003
12	194	+	3	1.391029	I:	D:
>TC-hsa-KLHL13_0010
2	139	+	2	1.352115	I:	D:
>TC-hsa-FBXW7_0053
3	92	-	3	1.295694	I:	D:
>TC-hsa-EPHX2_0025
1	219	+	1	1.323912	I:	D:
>TC-hsa-SLC37A1_0010
1	132	+	1	1.376929	I:	D:
>TC-hsa-TBC1D14_0053
>TC-hsa-RP11-33B1_0001
>TC-hsa-MGAT2_0002
>TC-hsa-UNC13D_0001
2	319	+	2	1.278696	I:	D:
>TC-hsa-RP11-517C16_0002
142	213	+	1	1.353880	I:	D:
>TC-hsa-AHNAK_0007
100	438	+	1	1.270716	I:	D:
>TC-hsa-BMF_0001
1	222	+	1	1.402213	I:	D:
>TC-hsa-RP11-816J8_0001
1	177	+	1	1.394892	I:	D:
>TC-hsa-SSUH2_0006
3	86	-	3	1.407674	I:	D:
>TC-hsa-ARRDC2_0005
>TC-hsa-ATG9B_0001
2	133	-	2	1.359102	I:	D:
>TC-hsa-GNB1_0005
1	324	+	1	1.325995	I:	D:
>TC-hsa-RP4-569M23_0001
>TC-hsa-SCARNA12_0001
1	87	+	1	1.383861	I:	D:
145	267	+	1	1.327796	I:	D:
>TC-hsa-PFN2_0001
2	76	-	2	1.407023	I:	D:
>TC-hsa-FOSB_0001
>TC-hsa-RP11-574M7_0005
2	223	-	2	1.415152	I:	D:
>TC-hsa-LCMT1-AS2_0001
3	197	+	3	1.383653	I:	D:
>TC-hsa-ZNF528-AS1_0001
2	205	+	2	1.357854	I:	D:
>TC-hsa-MATK_0003
47	130	+	2	1.325925	I:	D:
>TC-hsa-LINC01588_0010
3	122	-	3	1.398840	I:	D:
>TC-hsa-SNHG14_0042
>TC-hsa-SFT2D2_0024
3	164	+	3	1.378876	I:	D:
>TC-hsa-LDLRAD2_0003
>TC-hsa-MGLL_0003
>TC-hsa-TUBGCP5_0002
>TC-hsa-FAM129B_0008
